
â•”â•â•â•â•â•â•â•â•â•â•â•â•â•â•â•â•â•â•â•â•â•â•â•â•â•â•â•â•â•â•â•â•â•â•â•â•â•â•â•â•â•â•â•â•â•—
â•‘  Million Pixel Wall API Server             â•‘
â•‘  Environment: development                   â•‘
â•‘  Port: 3000                               â•‘
â•‘  CORS Origin: http://localhost:8000   â•‘
â•šâ•â•â•â•â•â•â•â•â•â•â•â•â•â•â•â•â•â•â•â•â•â•â•â•â•â•â•â•â•â•â•â•â•â•â•â•â•â•â•â•â•â•â•â•â•
  
âœ“ Database connected successfully via psql
Slow query detected: {
  text: '\n' +
    '    SELECT \n' +
    '      COALESCE(SUM(width * height), 0) as occupied_pixels,\n' +
    '      COUNT(*) as total_ads,\n' +
    '      COALESCE(SUM(price), 0) as total_revenue\n' +
    '    FROM ads \n' +
    "    WHERE status = 'active'\n" +
    '  ',
  duration: 2181,
  rows: 1
}
[0mGET /api/ads/stats [32m200[0m 2184.789 ms - 122[0m
Slow query detected: {
  text: '\n' +
    '    SELECT x, y, width, height \n' +
    '    FROM ads \n' +
    "    WHERE status = 'active'\n" +
    '    ORDER BY y, x\n' +
    '  ',
  duration: 2321,
  rows: 0
}
Slow query detected: {
  text: '\n' +
    '    SELECT id FROM ads \n' +
    "    WHERE status = 'active'\n" +
    '    AND NOT (\n' +
    '      x >= $1 + $3 OR\n' +
    '      x + width <= $1 OR\n' +
    '      y >= $2 + $4 OR\n' +
    '      y + height <= $2\n' +
    '    )\n' +
    '    \n' +
    '  ',
  duration: 2353,
  rows: 0
}
Slow query detected: {
  text: '\n' +
    '    INSERT INTO ads (x, y, width, height, business_name, description, image_url, target_url, alt, price, status)\n' +
    "    VALUES ($1, $2, $3, $4, $5, $6, $7, $8, $9, $10, 'active')\n" +
    '    RETURNING *\n' +
    '  ',
  duration: 2254,
  rows: 2
}
[0mPOST /api/ads [32m201[0m 6938.195 ms - 340[0m
Slow query detected: {
  text: '\n' +
    '    SELECT \n' +
    '      id, x, y, width, height, business_name, description,\n' +
    '      image_url, target_url, alt, created_at\n' +
    '    FROM ads \n' +
    "    WHERE status = 'active'\n" +
    '    ORDER BY created_at DESC\n' +
    '  ',
  duration: 2333,
  rows: 1
}
[0mGET /api/ads [32m200[0m 2333.791 ms - 288[0m
Slow query detected: {
  text: '\n' +
    '    SELECT \n' +
    '      COALESCE(SUM(width * height), 0) as occupied_pixels,\n' +
    '      COUNT(*) as total_ads,\n' +
    '      COALESCE(SUM(price), 0) as total_revenue\n' +
    '    FROM ads \n' +
    "    WHERE status = 'active'\n" +
    '  ',
  duration: 2432,
  rows: 1
}
[0mGET /api/ads/stats [32m200[0m 2433.116 ms - 125[0m
Slow query detected: {
  text: '\n' +
    '    UPDATE ads \n' +
    "    SET status = 'removed'\n" +
    '    WHERE id = $1\n' +
    '    RETURNING id\n' +
    '  ',
  duration: 2557,
  rows: 2
}
[0mDELETE /api/ads/1 [32m200[0m 2558.589 ms - 52[0m
Slow query detected: {
  text: '\n' +
    '    SELECT \n' +
    '      COALESCE(SUM(width * height), 0) as occupied_pixels,\n' +
    '      COUNT(*) as total_ads,\n' +
    '      COALESCE(SUM(price), 0) as total_revenue\n' +
    '    FROM ads \n' +
    "    WHERE status = 'active'\n" +
    '  ',
  duration: 3097,
  rows: 1
}
[0mGET /api/ads/stats [32m200[0m 3096.825 ms - 122[0m
Slow query detected: {
  text: '\n' +
    '    SELECT \n' +
    '      id, x, y, width, height, business_name, description,\n' +
    '      image_url, target_url, alt, created_at\n' +
    '    FROM ads \n' +
    "    WHERE status = 'active'\n" +
    '    ORDER BY created_at DESC\n' +
    '  ',
  duration: 2123,
  rows: 0
}
[0mGET /api/ads [36m304[0m 2123.147 ms - -[0m
Slow query detected: {
  text: '\n' +
    '    SELECT \n' +
    '      COALESCE(SUM(width * height), 0) as occupied_pixels,\n' +
    '      COUNT(*) as total_ads,\n' +
    '      COALESCE(SUM(price), 0) as total_revenue\n' +
    '    FROM ads \n' +
    "    WHERE status = 'active'\n" +
    '  ',
  duration: 2226,
  rows: 1
}
[0mGET /api/ads/stats [36m304[0m 2226.069 ms - -[0m
Slow query detected: {
  text: '\n' +
    '    SELECT \n' +
    '      COALESCE(SUM(width * height), 0) as occupied_pixels,\n' +
    '      COUNT(*) as total_ads,\n' +
    '      COALESCE(SUM(price), 0) as total_revenue\n' +
    '    FROM ads \n' +
    "    WHERE status = 'active'\n" +
    '  ',
  duration: 2134,
  rows: 1
}
[0mGET /api/ads/stats [36m304[0m 2133.965 ms - -[0m
Slow query detected: {
  text: '\n' +
    '    SELECT x, y, width, height \n' +
    '    FROM ads \n' +
    "    WHERE status = 'active'\n" +
    '    ORDER BY y, x\n' +
    '  ',
  duration: 2234,
  rows: 0
}
Slow query detected: {
  text: '\n' +
    '    SELECT id FROM ads \n' +
    "    WHERE status = 'active'\n" +
    '    AND NOT (\n' +
    '      x >= $1 + $3 OR\n' +
    '      x + width <= $1 OR\n' +
    '      y >= $2 + $4 OR\n' +
    '      y + height <= $2\n' +
    '    )\n' +
    '    \n' +
    '  ',
  duration: 2252,
  rows: 0
}
Slow query detected: {
  text: '\n' +
    '    INSERT INTO ads (x, y, width, height, business_name, description, image_url, target_url, alt, price, status)\n' +
    "    VALUES ($1, $2, $3, $4, $5, $6, $7, $8, $9, $10, 'active')\n" +
    '    RETURNING *\n' +
    '  ',
  duration: 2048,
  rows: 2
}
[0mPOST /api/ads [32m201[0m 6538.563 ms - 365[0m
Slow query detected: {
  text: '\n' +
    '    SELECT \n' +
    '      id, x, y, width, height, business_name, description,\n' +
    '      image_url, target_url, alt, created_at\n' +
    '    FROM ads \n' +
    "    WHERE status = 'active'\n" +
    '    ORDER BY created_at DESC\n' +
    '  ',
  duration: 2285,
  rows: 1
}
[0mGET /api/ads [32m200[0m 2286.240 ms - 313[0m
Slow query detected: {
  text: '\n' +
    '    SELECT \n' +
    '      COALESCE(SUM(width * height), 0) as occupied_pixels,\n' +
    '      COUNT(*) as total_ads,\n' +
    '      COALESCE(SUM(price), 0) as total_revenue\n' +
    '    FROM ads \n' +
    "    WHERE status = 'active'\n" +
    '  ',
  duration: 2237,
  rows: 1
}
[0mGET /api/ads/stats [32m200[0m 2237.877 ms - 123[0m
Slow query detected: {
  text: '\n' +
    '    SELECT \n' +
    '      COALESCE(SUM(width * height), 0) as occupied_pixels,\n' +
    '      COUNT(*) as total_ads,\n' +
    '      COALESCE(SUM(price), 0) as total_revenue\n' +
    '    FROM ads \n' +
    "    WHERE status = 'active'\n" +
    '  ',
  duration: 2205,
  rows: 1
}
[0mGET /api/ads/stats [32m200[0m 2205.001 ms - 123[0m
Slow query detected: {
  text: '\n' +
    '    UPDATE ads \n' +
    "    SET status = 'removed'\n" +
    '    WHERE id = $1\n' +
    '    RETURNING id\n' +
    '  ',
  duration: 2397,
  rows: 2
}
[0mDELETE /api/ads/1 [32m200[0m 2397.708 ms - 52[0m
Slow query detected: {
  text: '\n' +
    '    SELECT \n' +
    '      COALESCE(SUM(width * height), 0) as occupied_pixels,\n' +
    '      COUNT(*) as total_ads,\n' +
    '      COALESCE(SUM(price), 0) as total_revenue\n' +
    '    FROM ads \n' +
    "    WHERE status = 'active'\n" +
    '  ',
  duration: 2464,
  rows: 1
}
[0mGET /api/ads/stats [32m200[0m 2465.651 ms - 123[0m
Slow query detected: {
  text: '\n' +
    '    SELECT \n' +
    '      id, x, y, width, height, business_name, description,\n' +
    '      image_url, target_url, alt, created_at\n' +
    '    FROM ads \n' +
    "    WHERE status = 'active'\n" +
    '    ORDER BY created_at DESC\n' +
    '  ',
  duration: 2215,
  rows: 0
}
[0mGET /api/ads [32m200[0m 2215.253 ms - 26[0m
Slow query detected: {
  text: '\n' +
    '    SELECT \n' +
    '      COALESCE(SUM(width * height), 0) as occupied_pixels,\n' +
    '      COUNT(*) as total_ads,\n' +
    '      COALESCE(SUM(price), 0) as total_revenue\n' +
    '    FROM ads \n' +
    "    WHERE status = 'active'\n" +
    '  ',
  duration: 2067,
  rows: 1
}
[0mGET /api/ads/stats [32m200[0m 2067.285 ms - 122[0m
Slow query detected: {
  text: '\n' +
    '    SELECT \n' +
    '      COALESCE(SUM(width * height), 0) as occupied_pixels,\n' +
    '      COUNT(*) as total_ads,\n' +
    '      COALESCE(SUM(price), 0) as total_revenue\n' +
    '    FROM ads \n' +
    "    WHERE status = 'active'\n" +
    '  ',
  duration: 2458,
  rows: 1
}
[0mGET /api/ads/stats [32m200[0m 2458.389 ms - 122[0m
